<?xml version="1.0" encoding="UTF-8"?>
<testng-results skipped="0" failed="0" ignored="0" total="1" passed="1">
  <reporter-output>
  </reporter-output>
  <suite name="Default suite" duration-ms="75132" started-at="2021-04-23T00:16:47 IST" finished-at="2021-04-23T00:18:03 IST">
    <groups>
      <group name="cucumber">
        <method signature="AbstractTestNGCucumberTests.runScenario(cucumber.api.testng.PickleEventWrapper, cucumber.api.testng.CucumberFeatureWrapper)[pri:0, instance:com.wallethub.testrunner.TestRunner@2173f6d9]" name="runScenario" class="cucumber.api.testng.AbstractTestNGCucumberTests"/>
      </group> <!-- cucumber -->
    </groups>
    <test name="Default test" duration-ms="75132" started-at="2021-04-23T00:16:47 IST" finished-at="2021-04-23T00:18:03 IST">
      <class name="com.wallethub.testrunner.TestRunner">
        <test-method status="PASS" signature="setUpClass()[pri:0, instance:com.wallethub.testrunner.TestRunner@2173f6d9]" name="setUpClass" is-config="true" duration-ms="283" started-at="2021-04-23T00:16:47 IST" finished-at="2021-04-23T00:16:48 IST">
          <reporter-output>
          </reporter-output>
        </test-method> <!-- setUpClass -->
        <test-method status="PASS" signature="runScenario(cucumber.api.testng.PickleEventWrapper, cucumber.api.testng.CucumberFeatureWrapper)[pri:0, instance:com.wallethub.testrunner.TestRunner@2173f6d9]" name="runScenario" duration-ms="74579" started-at="2021-04-23T00:16:48 IST" description="Runs Cucumber Scenarios" data-provider="scenarios" finished-at="2021-04-23T00:18:02 IST">
          <params>
            <param index="0">
              <value>
                <![CDATA["Write Review"]]>
              </value>
            </param>
            <param index="1">
              <value>
                <![CDATA["Write a review for Wallet Hub Insurance Company"]]>
              </value>
            </param>
          </params>
          <reporter-output>
          </reporter-output>
        </test-method> <!-- runScenario -->
        <test-method status="PASS" signature="tearDownClass()[pri:0, instance:com.wallethub.testrunner.TestRunner@2173f6d9]" name="tearDownClass" is-config="true" duration-ms="99" started-at="2021-04-23T00:18:02 IST" finished-at="2021-04-23T00:18:03 IST">
          <reporter-output>
          </reporter-output>
        </test-method> <!-- tearDownClass -->
      </class> <!-- com.wallethub.testrunner.TestRunner -->
    </test> <!-- Default test -->
  </suite> <!-- Default suite -->
</testng-results>
